SELinux disabled
Website 2 + DB added with SSL
Website api.th18.app + DB added with SSL
Created swap: 6144MB
Changed SSH port to 36686
Showed active ports
Failed to install GVM
Installed GVM
Installed GVM
Installed Go version go1.24.2
Installed GVM
Installed GVM
Installed Go version go1.24.2
Uninstalled Go version go1.24.2
Installed Go version go1.24.2
Uninstalled Go version go1.24.2
Installed Go version go1.24.2
Uninstalled Go version go1.24.2
Installed Go version go1.24.2
Installed NVM v0.40.2
Installed Node.js version 20.11.1
Installed PNPM
Failed to install NVM 
Installed NVM v0.40.2
Installed Node.js version 20.11.1
Switched to Node.js version 20.11.1
Installed NVM v0.40.2
Installed Node.js version 20.11.1
Installed NVM v0.40.2
Failed to verify NVM functionality
Installed NVM v0.40.2
Installed NVM v0.40.2
Installed Node.js version 20.11.1
Installed NVM v0.40.2
Installed NVM v0.40.2
Installed PNPM
Installed NVM v0.40.2
Installed PNPM
Installed NVM v0.40.2
Installed PNPM
Installed RabbitMQ via Docker
Failed to configure RabbitMQ user
Uninstalled RabbitMQ container
Reinstalled RabbitMQ via Docker
Configured RabbitMQ user admin with password W6uG44pVfX8LC4Bx
Showed active ports
Installed NVM v0.40.2
Installed NVM v0.40.2
Installed PM2
Failed to create database mangaproject_global
Website global.th18.app + DB added with SSL
Deleted database globalth18appb045
Website vi-api.th18.app added
Website en-api.th18.app added
Website zh-api.th18.app added
Created database mangaproject_global with user mangaproject_global
Created database mangaproject_vi with user mangaproject_vi
Created database mangaproject_en with user mangaproject_en
Created database mangaproject_zh with user mangaproject_zh
Website truyenvn.dev added
Restore mangaproject_en from /home/private_html/backup/mangaproject_en.sql
Restore mangaproject_vi from /home/private_html/backup/mangaproject_vi.sql
Restore mangaproject_zh from /home/private_html/backup/mangaproject_zh.sql
Installed Go version go1.24.2
Opened port 5000 (tcp)
Opened port 5001 (tcp)
Opened port 5002 (tcp)
Opened port 5003 (tcp)
Opened port 5004 (tcp)
Showed active ports
Started RabbitMQ
Website truyenhentai18.app added
Opened port 3000 (tcp)
Showed active ports
Opened port 4000 (tcp)
Showed active ports
SELinux disabled
Changed SSH port to 36686
Started Redis
Installed GVM
Failed to install Go version go1.24.2
Installed Go version go1.24.2
Installed GVM
Installed GVM
Installed Go version go1.24.2
Switched to Go version go1.24.2
Installed NVM v0.40.3
Installed NVM v0.40.3
Installed Node.js version 23.11.0
Installed NVM v0.40.3
Switched to Node.js version 23.11.0
Installed PNPM
Installed PM2
Installed RabbitMQ via Docker
Configured RabbitMQ user admin with password v4Rhe4DUObA2nUoA
Opened port 5000 (tcp)
Opened port 5001 (tcp)
Opened port 5002 (tcp)
Opened port 5003 (tcp)
Opened port 5004 (tcp)
Opened port 3000 (tcp)
Opened port 6000 (tcp)
Opened port 6001 (tcp)
Opened port 6002 (tcp)
Opened port 6003 (tcp)
Showed active ports
Installed NVM v0.40.3
Installed NVM v0.40.3
Installed Node.js version 20.17.0
Installed NVM v0.40.3
Switched to Node.js version 20.17.0
Installed NVM v0.40.3
Switched to Node.js version 20.17.0
Installed NVM v0.40.3
Installed PNPM
Installed PM2
Installed NVM v0.40.3
Installed PNPM
Installed PM2
Uninstalled Node.js version 23.11.0
Installed NVM v0.40.3
Installed PNPM
Installed PM2
Created database mangaproject_global with user mangaproject_global
Created database mangaproject_vi with user mangaproject_vi
Created database mangaproject_en with user mangaproject_en
Created database mangaproject_zh with user mangaproject_zh
Restore mangaproject_en from /home/private_html/backup/mangaproject_en_20250425_120526.sql
Restore mangaproject_global from /home/private_html/backup/mangaproject_global_20250425_120541.sql
Restore mangaproject_vi from /home/private_html/backup/mangaproject_vi_20250425_120553.sql
Restore mangaproject_zh from /home/private_html/backup/mangaproject_zh_20250425_120605.sql
Started RabbitMQ
Stopped RabbitMQ
Started RabbitMQ
Backup mangaproject_zh to /home/private_html/backup/mangaproject_zh_20250426_101602.sql
Website javtv.asia added
Website javnhanh.pro added
Website javtv.pro added
Created database javtv_asia with user javtv_asia
Created database javtv_pro with user javtv_pro
Created database javnhanh_pro with user javnhanh_pro
Website javtvhd.net added
Showed active ports
Opened port 4000 (tcp)
Opened port 4001 (tcp)
Opened port 4002 (tcp)
Opened port 4003 (tcp)
Opened port 4004 (tcp)
Created database javtvhd_net with user javtvhd_net
Restore javtvhd_net from /home/private_html/javdb/javtvhdnet_3216/javtvhdnet_3216-2d1cf03155a.sql.gz
Restore javnhanh_pro from /home/private_html/javdb/javnhanhpro_54fc/javnhanhpro_54fc-ae3cc27d9f0.sql.gz
Restore javtv_asia from /home/private_html/javdb/javtvasia_5ac9/javtvasia_5ac9-43c3a914625.sql.gz
Restore javtv_pro from /home/private_html/javdb/javtvpro_542b/javtvpro_542b-794270a27a5.sql.gz
Created database phim18_tv with user phim18_tv
Restore phim18_tv from /home/private_html/javdb/phim18tv_bb8c/phim18tv_bb8c-176c8a3d335.sql.gz
Website phim-18.tv added
Website hentaitruyenvn.net added
Website truyenhentaiz.net added
Created database truyenhentaiz_net with user truyenhentaiz_net
Created database hentaitruyenvn_net with user hentaitruyenvn_net
Showed active ports
Opened port 3001 (tcp)
Opened port 3002 (tcp)
Showed active ports
Restore hentaitruyenvn_net from /home/private_html/hentaidb/hentaitruye_f0ea/hentaitruye_f0ea-bec00349701.sql.gz
Restore truyenhentaiz_net from /home/private_html/hentaidb/truyenhenta_d07e/truyenhenta_d07e-e8651d44691.sql.gz
Created database hentaitnt_32bb with user hentaitnt_32bb
Restore hentaitnt_32bb from /home/vpssim.demo/vpssim.demo/private_html/backup/hentaitntne_be1b/hentaitntne_be1b-8cbf69dbdf2.sql.gz
Created database hentaitruye_7066 with user hentaitruye_7066
Restore hentaitruye_7066 from /home/vpssim.demo/vpssim.demo/private_html/backup/hentaitruye_7066/hentaitruye_7066-722e9f410bd.sql.gz
Created database apitruyen18 with user apitruyen18
Restore apitruyen18 from /home/vpssim.demo/vpssim.demo/private_html/backup/apitruyen18_e04b/apitruyen18_e04b-00ff3248b06.sql.gz
Created database lxmangaorg_70c0 with user lxmangaorg_70c0
Restore lxmangaorg_70c0 from /home/vpssim.demo/vpssim.demo/private_html/backup/lxmangaorg_70c0/lxmangaorg_70c0-f6fced0e593.sql.gz
Created database sayhentaizn_5bba with user sayhentaizn_5bba
Restore sayhentaizn_5bba from /home/vpssim.demo/vpssim.demo/private_html/backup/sayhentaizn_5bba/sayhentaizn_5bba-367f4683711.sql.gz
Created database truyentvnne_78d3 with user truyentvnne_78d3
Restore truyentvnne_78d3 from /home/vpssim.demo/vpssim.demo/private_html/backup/truyentvnne_78d3/truyentvnne_78d3-3bb2797f9eb.sql.gz
Created database tymangacom_a9e5 with user tymangacom_a9e5
Restore tymangacom_a9e5 from /home/vpssim.demo/vpssim.demo/private_html/backup/tymangacom_a9e5/tymangacom_a9e5-38b8ec658f3.sql.gz
Showed active ports
Opened port 5005 (tcp)
Showed active ports
Opened port 3003 (tcp)
Opened port 3004 (tcp)
Opened port 3006 (tcp)
Opened port 3007 (tcp)
Opened port 3008 (tcp)
Opened port 3009 (tcp)
Showed active ports
Showed active ports
Opened port 3005 (tcp)
Showed active ports
